This file contains any messages produced by compilers while
running configure, to aid debugging if configure makes a mistake.

It was created by configure, which was
generated by GNU Autoconf 2.53.  Invocation command line was

  $ ./configure 

## --------- ##
## Platform. ##
## --------- ##

hostname = kappa
uname -m = i686
uname -r = 2.4.17
uname -s = Linux
uname -v = #2 sob kwi 27 04:34:58 CEST 2002

/usr/bin/uname -p = unknown
/bin/uname -X     = unknown

/bin/arch              = i686
/usr/bin/arch -k       = unknown
/usr/convex/getsysinfo = unknown
hostinfo               = unknown
/bin/machine           = unknown
/usr/bin/oslevel       = unknown
/bin/universe          = unknown

PATH: /usr/local/kde/bin
PATH: /usr/local/kde/bin
PATH: /usr/local/bin
PATH: /usr/local/samba/bin
PATH: /usr/bin
PATH: /usr/X11R6/bin
PATH: /bin
PATH: /usr/lib/java/bin
PATH: /usr/games/bin
PATH: /usr/games
PATH: /opt/gnome/bin
PATH: /opt/kde2/bin
PATH: /usr/local/teTeX/bin
PATH: /usr/local/pgsql/bin
PATH: .
PATH: /sbin
PATH: /sbin


## ----------- ##
## Core tests. ##
## ----------- ##

configure:1402: checking for a BSD-compatible install
configure:1456: result: /usr/bin/ginstall -c
configure:1467: checking whether build environment is sane
configure:1510: result: yes
configure:1543: checking for gawk
configure:1559: found /usr/bin/gawk
configure:1569: result: gawk
configure:1579: checking whether make sets ${MAKE}
configure:1599: result: yes
configure:1765: checking for style of include used by make
configure:1793: result: GNU
configure:1864: checking for gcc
configure:1880: found /usr/bin/gcc
configure:1890: result: gcc
configure:2134: checking for C compiler version
configure:2137: gcc --version </dev/null >&5
2.95.3
configure:2140: $? = 0
configure:2142: gcc -v </dev/null >&5
Reading specs from /usr/lib/gcc-lib/i486-suse-linux/2.95.3/specs
gcc version 2.95.3 20010315 (SuSE)
configure:2145: $? = 0
configure:2147: gcc -V </dev/null >&5
gcc: argument to `-V' is missing
configure:2150: $? = 1
configure:2176: checking for C compiler default output
configure:2179: gcc    conftest.c  >&5
configure:2182: $? = 0
configure:2215: result: a.out
configure:2220: checking whether the C compiler works
configure:2226: ./a.out
configure:2229: $? = 0
configure:2244: result: yes
configure:2251: checking whether we are cross compiling
configure:2253: result: no
configure:2256: checking for suffix of executables
configure:2258: gcc -o conftest    conftest.c  >&5
configure:2261: $? = 0
configure:2283: result: 
configure:2289: checking for suffix of object files
configure:2313: gcc -c   conftest.c >&5
configure:2316: $? = 0
configure:2335: result: o
configure:2339: checking whether we are using the GNU C compiler
configure:2366: gcc -c   conftest.c >&5
configure:2369: $? = 0
configure:2372: test -s conftest.o
configure:2375: $? = 0
configure:2387: result: yes
configure:2393: checking whether gcc accepts -g
configure:2417: gcc -c -g  conftest.c >&5
configure:2420: $? = 0
configure:2423: test -s conftest.o
configure:2426: $? = 0
configure:2436: result: yes
configure:2463: gcc -c -g -O2  conftest.c >&5
conftest.c:2: parse error before `me'
configure:2466: $? = 1
configure: failed program was:
#ifndef __cplusplus
  choke me
#endif
configure:2578: checking dependency style of gcc
configure:2640: result: gcc
configure:2668: checking for pkg-config
configure:2686: found /usr/local/bin/pkg-config
configure:2699: result: /usr/local/bin/pkg-config
configure:2720: checking for GTK+ - version >= 2.0.0
configure:2832: gcc -o conftest -g -O2  -I/usr/local/include/gtk-2.0 -I/usr/local/lib/gtk-2.0/include -I/usr/local/include/atk-1.0 -I/usr/local/include/pango-1.0 -I/usr/X11R6/include -I/usr/local/include/glib-2.0 -I/usr/local/lib/glib-2.0/include     conftest.c  -L/usr/local/lib -lgtk-x11-2.0 -lgdk-x11-2.0 -latk-1.0 -lgdk_pixbuf-2.0 -lm -lpangox-1.0 -lpango-1.0 -lgobject-2.0 -lgmodule-2.0 -ldl -lglib-2.0 -liconv    >&5
configure:2835: $? = 0
configure:2837: ./conftest
configure:2840: $? = 0
configure:2857: result: yes (version 2.0.5)
configure:3016: checking build system type
configure:3034: result: i686-pc-linux-gnu
configure:3042: checking host system type
configure:3056: result: i686-pc-linux-gnu
configure:3086: checking for ld used by GCC
configure:3149: result: /usr/i486-suse-linux/bin/ld
configure:3158: checking if the linker (/usr/i486-suse-linux/bin/ld) is GNU ld
GNU ld version 2.11.90.0.29 (with BFD 2.11.90.0.29)
configure:3170: result: yes
configure:3175: checking for /usr/i486-suse-linux/bin/ld option to reload object files
configure:3182: result: -r
configure:3187: checking for BSD-compatible nm
configure:3223: result: /usr/bin/nm -B
configure:3226: checking whether ln -s works
configure:3230: result: yes
configure:3237: checking how to recognise dependant libraries
configure:3415: result: pass_all
configure:3427: checking command to parse /usr/bin/nm -B output
configure:3508: gcc -c -g -O2  conftest.c >&5
configure:3511: $? = 0
configure:3515: /usr/bin/nm -B conftest.o \| sed -n -e 's/^.*[ 	]\([ABCDGISTW][ABCDGISTW]*\)[ 	][ 	]*\(\)\([_A-Za-z][_A-Za-z0-9]*\)$/\1 \2\3 \3/p' \> conftest.nm
configure:3518: $? = 0
configure:3570: gcc -o conftest -g -O2   conftest.c conftstm.o >&5
configure:3573: $? = 0
configure:3617: result: ok
configure:3626: checking how to run the C preprocessor
configure:3652: gcc -E  conftest.c
configure:3658: $? = 0
configure:3685: gcc -E  conftest.c
configure:3681: ac_nonexistent.h: No such file or directory
configure:3691: $? = 1
configure: failed program was:
#line 3680 "configure"
#include "confdefs.h"
#include <ac_nonexistent.h>
configure:3728: result: gcc -E
configure:3743: gcc -E  conftest.c
configure:3749: $? = 0
configure:3776: gcc -E  conftest.c
configure:3772: ac_nonexistent.h: No such file or directory
configure:3782: $? = 1
configure: failed program was:
#line 3771 "configure"
#include "confdefs.h"
#include <ac_nonexistent.h>
configure:3822: checking for ANSI C header files
configure:3836: gcc -E  conftest.c
configure:3842: $? = 0
configure:3927: gcc -o conftest -g -O2   conftest.c  >&5
configure:3930: $? = 0
configure:3932: ./conftest
configure:3935: $? = 0
configure:3949: result: yes
configure:3973: checking for sys/types.h
configure:3986: gcc -c -g -O2  conftest.c >&5
configure:3989: $? = 0
configure:3992: test -s conftest.o
configure:3995: $? = 0
configure:4005: result: yes
configure:3973: checking for sys/stat.h
configure:3986: gcc -c -g -O2  conftest.c >&5
configure:3989: $? = 0
configure:3992: test -s conftest.o
configure:3995: $? = 0
configure:4005: result: yes
configure:3973: checking for stdlib.h
configure:3986: gcc -c -g -O2  conftest.c >&5
configure:3989: $? = 0
configure:3992: test -s conftest.o
configure:3995: $? = 0
configure:4005: result: yes
configure:3973: checking for string.h
configure:3986: gcc -c -g -O2  conftest.c >&5
configure:3989: $? = 0
configure:3992: test -s conftest.o
configure:3995: $? = 0
configure:4005: result: yes
configure:3973: checking for memory.h
configure:3986: gcc -c -g -O2  conftest.c >&5
configure:3989: $? = 0
configure:3992: test -s conftest.o
configure:3995: $? = 0
configure:4005: result: yes
configure:3973: checking for strings.h
configure:3986: gcc -c -g -O2  conftest.c >&5
configure:3989: $? = 0
configure:3992: test -s conftest.o
configure:3995: $? = 0
configure:4005: result: yes
configure:3973: checking for inttypes.h
configure:3986: gcc -c -g -O2  conftest.c >&5
configure:3989: $? = 0
configure:3992: test -s conftest.o
configure:3995: $? = 0
configure:4005: result: yes
configure:3973: checking for stdint.h
configure:3986: gcc -c -g -O2  conftest.c >&5
configure:3989: $? = 0
configure:3992: test -s conftest.o
configure:3995: $? = 0
configure:4005: result: yes
configure:3973: checking for unistd.h
configure:3986: gcc -c -g -O2  conftest.c >&5
configure:3989: $? = 0
configure:3992: test -s conftest.o
configure:3995: $? = 0
configure:4005: result: yes
configure:4031: checking dlfcn.h usability
configure:4040: gcc -c -g -O2  conftest.c >&5
configure:4043: $? = 0
configure:4046: test -s conftest.o
configure:4049: $? = 0
configure:4058: result: yes
configure:4062: checking dlfcn.h presence
configure:4069: gcc -E  conftest.c
configure:4075: $? = 0
configure:4093: result: yes
configure:4111: checking for dlfcn.h
configure:4118: result: yes
configure:4315: checking for ranlib
configure:4331: found /usr/bin/ranlib
configure:4342: result: ranlib
configure:4395: checking for strip
configure:4411: found /usr/bin/strip
configure:4422: result: strip
configure:4633: checking for objdir
configure:4644: result: .libs
configure:4661: checking for gcc option to produce PIC
configure:4811: result: -fPIC
configure:4815: checking if gcc PIC flag -fPIC works
configure:4841: gcc -c -g -O2 -fPIC -DPIC  conftest.c >&5
configure:4844: $? = 0
configure:4847: test -s conftest.o
configure:4850: $? = 0
configure:4887: result: yes
configure:4903: checking if gcc static flag -static works
configure:4930: gcc -o conftest -g -O2   -static conftest.c  >&5
configure:4933: $? = 0
configure:4936: test -s conftest
configure:4939: $? = 0
configure:4954: result: yes
configure:4966: checking if gcc supports -c -o file.o
configure:4988: gcc -c -g -O2 -o out/conftest2.o  conftest.c >&5
configure:5010: result: yes
configure:5015: checking if gcc supports -c -o file.lo
configure:5045: gcc -c -g -O2 -c -o conftest.lo  conftest.c >&5
configure:5048: $? = 0
configure:5051: test -s conftest.lo
configure:5054: $? = 0
configure:5075: result: yes
configure:5106: checking if gcc supports -fno-rtti -fno-exceptions
configure:5131: gcc -c -g -O2 -fno-rtti -fno-exceptions -c conftest.c  conftest.c >&5
configure:5134: $? = 0
configure:5137: test -s conftest.o
configure:5140: $? = 0
configure:5156: result: yes
configure:5167: checking whether the linker (/usr/i486-suse-linux/bin/ld) supports shared libraries
configure:5847: result: yes
configure:5852: checking how to hardcode library paths into programs
configure:5876: result: immediate
configure:5881: checking whether stripping libraries is possible
configure:5886: result: yes
configure:5897: checking dynamic linker characteristics
configure:6290: result: GNU/Linux ld.so
configure:6295: checking if libtool supports shared libraries
configure:6297: result: yes
configure:6300: checking whether to build shared libraries
configure:6321: result: yes
configure:6324: checking whether to build static libraries
configure:6328: result: yes
configure:6990: checking whether -lc should be explicitly linked in
configure:6998: gcc -c -g -O2  conftest.c >&5
configure:7001: $? = 0
configure:7015: gcc -shared conftest.o  -v -Wl,-soname -Wl,conftest -o conftest 2\>\&1 \| grep  -lc  \>/dev/null 2\>\&1
configure:7018: $? = 0
configure:7031: result: no
configure:7602: checking for strerror in -lcposix
configure:7635: gcc -o conftest -g -O2   conftest.c -lcposix   >&5
/usr/i486-suse-linux/bin/ld: cannot find -lcposix
collect2: ld returned 1 exit status
configure:7638: $? = 1
configure: failed program was:
#line 7609 "configure"
#include "confdefs.h"

/* Override any gcc2 internal prototype to avoid an error.  */
#ifdef __cplusplus
extern "C"
#endif
/* We use char because int might match the return type of a gcc2
   builtin and then its argument prototype would still apply.  */
char strerror ();
#ifdef F77_DUMMY_MAIN
#  ifdef __cplusplus
     extern "C"
#  endif
   int F77_DUMMY_MAIN() { return 1; }
#endif
int
main ()
{
strerror ();
  ;
  return 0;
}
configure:7655: result: no
configure:7709: checking for gcc
configure:7735: result: gcc
configure:7979: checking for C compiler version
configure:7982: gcc --version </dev/null >&5
2.95.3
configure:7985: $? = 0
configure:7987: gcc -v </dev/null >&5
Reading specs from /usr/lib/gcc-lib/i486-suse-linux/2.95.3/specs
gcc version 2.95.3 20010315 (SuSE)
configure:7990: $? = 0
configure:7992: gcc -V </dev/null >&5
gcc: argument to `-V' is missing
configure:7995: $? = 1
configure:7998: checking whether we are using the GNU C compiler
configure:8046: result: yes
configure:8052: checking whether gcc accepts -g
configure:8095: result: yes
configure:8122: gcc -c -g -O2  conftest.c >&5
conftest.c:2: parse error before `me'
configure:8125: $? = 1
configure: failed program was:
#ifndef __cplusplus
  choke me
#endif
configure:8237: checking dependency style of gcc
configure:8299: result: gcc
configure:8307: checking for gcc option to accept ANSI C
configure:8373: gcc  -c -g -O2  conftest.c >&5
configure:8376: $? = 0
configure:8379: test -s conftest.o
configure:8382: $? = 0
configure:8396: result: none needed
configure:8407: checking for ANSI C header files
configure:8534: result: yes
configure:8544: checking whether make sets ${MAKE}
configure:8564: result: yes
configure:8696: creating ./config.status

## ---------------------- ##
## Running config.status. ##
## ---------------------- ##

This file was extended by config.status, which was
generated by GNU Autoconf 2.53.  Invocation command line was

  CONFIG_FILES    = 
  CONFIG_HEADERS  = 
  CONFIG_LINKS    = 
  CONFIG_COMMANDS = 
  $ ./config.status 

on kappa

config.status:609: creating Makefile
config.status:734: executing depfiles commands

## ---------------- ##
## Cache variables. ##
## ---------------- ##

ac_cv_build=i686-pc-linux-gnu
ac_cv_build_alias=i686-pc-linux-gnu
ac_cv_c_compiler_gnu=yes
ac_cv_env_CC_set=
ac_cv_env_CC_value=
ac_cv_env_CFLAGS_set=
ac_cv_env_CFLAGS_value=
ac_cv_env_CPPFLAGS_set=
ac_cv_env_CPPFLAGS_value=
ac_cv_env_CPP_set=
ac_cv_env_CPP_value=
ac_cv_env_LDFLAGS_set=
ac_cv_env_LDFLAGS_value=
ac_cv_env_build_alias_set=
ac_cv_env_build_alias_value=
ac_cv_env_host_alias_set=
ac_cv_env_host_alias_value=
ac_cv_env_target_alias_set=
ac_cv_env_target_alias_value=
ac_cv_exeext=
ac_cv_header_dlfcn_h=yes
ac_cv_header_inttypes_h=yes
ac_cv_header_memory_h=yes
ac_cv_header_stdc=yes
ac_cv_header_stdint_h=yes
ac_cv_header_stdlib_h=yes
ac_cv_header_string_h=yes
ac_cv_header_strings_h=yes
ac_cv_header_sys_stat_h=yes
ac_cv_header_sys_types_h=yes
ac_cv_header_unistd_h=yes
ac_cv_host=i686-pc-linux-gnu
ac_cv_host_alias=i686-pc-linux-gnu
ac_cv_lib_cposix_strerror=no
ac_cv_objext=o
ac_cv_path_PKG_CONFIG=/usr/local/bin/pkg-config
ac_cv_path_install=$'/usr/bin/ginstall -c'
ac_cv_prog_AWK=gawk
ac_cv_prog_CPP=$'gcc -E'
ac_cv_prog_ac_ct_CC=gcc
ac_cv_prog_ac_ct_RANLIB=ranlib
ac_cv_prog_ac_ct_STRIP=strip
ac_cv_prog_cc_g=yes
ac_cv_prog_make_make_set=yes
am_cv_CC_dependencies_compiler_type=gcc
am_cv_prog_cc_stdc=
lt_cv_archive_cmds_need_lc=no
lt_cv_compiler_c_o=yes
lt_cv_compiler_o_lo=yes
lt_cv_deplibs_check_method=pass_all
lt_cv_file_magic_cmd=$'$MAGIC_CMD'
lt_cv_file_magic_test_file=$'/lib/libc.so.6 /lib/libc-*.so'
lt_cv_global_symbol_to_c_name_address=$'sed -n -e \'s/^: \\([^ ]*\\) $/  {\\"\\1\\", (lt_ptr) 0},/p\' -e \'s/^[BCDEGRST] \\([^ ]*\\) \\([^ ]*\\)$/  {"\\2", (lt_ptr) \\&\\2},/p\''
lt_cv_global_symbol_to_cdecl=$'sed -n -e \'s/^. .* \\(.*\\)$/extern char \\1;/p\''
lt_cv_ld_reload_flag=-r
lt_cv_path_LD=/usr/i486-suse-linux/bin/ld
lt_cv_path_NM=$'/usr/bin/nm -B'
lt_cv_prog_cc_can_build_shared=yes
lt_cv_prog_cc_no_builtin=
lt_cv_prog_cc_pic=$' -fPIC'
lt_cv_prog_cc_pic_works=yes
lt_cv_prog_cc_shlib=
lt_cv_prog_cc_static=-static
lt_cv_prog_cc_static_works=yes
lt_cv_prog_cc_wl=-Wl,
lt_cv_prog_gnu_ld=yes
lt_cv_sys_global_symbol_pipe=$'sed -n -e \'s/^.*[ \t]\\([ABCDGISTW][ABCDGISTW]*\\)[ \t][ \t]*\\(\\)\\([_A-Za-z][_A-Za-z0-9]*\\)$/\\1 \\2\\3 \\3/p\''
lt_cv_sys_path_separator=:

## ----------- ##
## confdefs.h. ##
## ----------- ##

#define PACKAGE_NAME ""
#define PACKAGE_TARNAME ""
#define PACKAGE_VERSION ""
#define PACKAGE_STRING ""
#define PACKAGE_BUGREPORT ""
#define PACKAGE "2"
#define VERSION "0"
#define STDC_HEADERS 1
#define HAVE_SYS_TYPES_H 1
#define HAVE_SYS_STAT_H 1
#define HAVE_STDLIB_H 1
#define HAVE_STRING_H 1
#define HAVE_MEMORY_H 1
#define HAVE_STRINGS_H 1
#define HAVE_INTTYPES_H 1
#define HAVE_STDINT_H 1
#define HAVE_UNISTD_H 1
#define HAVE_DLFCN_H 1
#define STDC_HEADERS 1

configure: exit 0
